07.11.2018 20:47:17	This log contains information about the import schema operation into project 'whatsontv-db' on computer 'BLACK' by user 'Przemek'.
07.11.2018 20:47:18	Import of database schema has started.
07.11.2018 20:47:31	Gathering logins
07.11.2018 20:48:59	Gathering database credentials
07.11.2018 20:48:59	Gathering database options
07.11.2018 20:48:59	Gathering generic database scoped configuration option
07.11.2018 20:48:59	Gathering users
07.11.2018 20:48:59	Gathering roles
07.11.2018 20:48:59	Gathering application roles
07.11.2018 20:48:59	Gathering role memberships
07.11.2018 20:48:59	Gathering filegroups
07.11.2018 20:48:59	Gathering full-text catalogs
07.11.2018 20:48:59	Gathering assemblies
07.11.2018 20:48:59	Gathering certificates
07.11.2018 20:48:59	Gathering symmetric keys
07.11.2018 20:48:59	Gathering encrypted symmetric keys
07.11.2018 20:48:59	Gathering schemas
07.11.2018 20:48:59	Gathering XML schema collections
07.11.2018 20:48:59	Gathering user-defined data types
07.11.2018 20:48:59	Gathering user-defined types
07.11.2018 20:48:59	Gathering table types
07.11.2018 20:48:59	Gathering unique keys for table types
07.11.2018 20:48:59	Gathering primary keys for table types
07.11.2018 20:48:59	Gathering indexes for table types
07.11.2018 20:48:59	Gathering check constraints for table types
07.11.2018 20:48:59	Gathering default constraints for table types
07.11.2018 20:48:59	Gathering partition functions
07.11.2018 20:48:59	Gathering partition schemes
07.11.2018 20:48:59	Gathering functions
07.11.2018 20:48:59	Gathering encrypted functions
07.11.2018 20:48:59	Gathering aggregates
07.11.2018 20:48:59	Gathering procedures
07.11.2018 20:48:59	Gathering encrypted procedures
07.11.2018 20:49:00	Gathering tables
07.11.2018 20:49:00	Gathering primary keys
07.11.2018 20:49:00	Gathering unique constraints
07.11.2018 20:49:00	Gathering foreign keys
07.11.2018 20:49:00	Gathering default constraints
07.11.2018 20:49:00	Gathering check constraints
07.11.2018 20:49:00	Gathering views
07.11.2018 20:49:00	Gathering encrypted views
07.11.2018 20:49:00	Gathering indexes
07.11.2018 20:49:00	Gathering statistics
07.11.2018 20:49:00	Gathering full-text index stoplists
07.11.2018 20:49:00	Gathering search property lists
07.11.2018 20:49:00	Gathering search properties
07.11.2018 20:49:00	Gathering full-text indexes
07.11.2018 20:49:00	Gathering column store indexes
07.11.2018 20:49:00	Gathering spatial indexes
07.11.2018 20:49:00	Gathering XML indexes
07.11.2018 20:49:00	Gathering Selective XML indexes
07.11.2018 20:49:00	Gathering encrypted triggers
07.11.2018 20:49:00	Gathering triggers
07.11.2018 20:49:00	Gathering encrypted and clr ddl triggers
07.11.2018 20:49:00	Gathering ddl triggers
07.11.2018 20:49:00	Gathering synonyms
07.11.2018 20:49:00	Gathering defaults
07.11.2018 20:49:00	Gathering data constraint uddt bindings
07.11.2018 20:49:00	Gathering rules
07.11.2018 20:49:00	Gathering data constraint uddt bindings
07.11.2018 20:49:00	Gathering message types
07.11.2018 20:49:00	Gathering queues
07.11.2018 20:49:00	Gathering contracts
07.11.2018 20:49:00	Gathering services
07.11.2018 20:49:00	Gathering event notifications
07.11.2018 20:49:00	Gathering remote service bindings
07.11.2018 20:49:00	Gathering broker priorities
07.11.2018 20:49:00	Gathering signatures
07.11.2018 20:49:00	Gathering data compression options
07.11.2018 20:49:00	Gathering sequence types
07.11.2018 20:49:00	Gathering security policies
07.11.2018 20:49:00	Gather column encryption keys
07.11.2018 20:49:00	Gathering column master keys
07.11.2018 20:49:00	Gathering external data sources
07.11.2018 20:49:00	Gathering external tables
07.11.2018 20:49:00	Gathering extended properties
07.11.2018 20:49:05	Gathering logins
07.11.2018 20:49:08	Finished importing database.
07.11.2018 20:49:08	A summary of the import was saved to the following location: D:\pzend\Desktop\imanengineer\WhatsOnTV\whatsontv-db\Import Schema Logs\whatsontv-db_20181107074717.log
07.11.2018 20:49:08	Click Finish to continue...
